0 info it worked if it ends with ok
1 verbose cli [ 'node',
1 verbose cli   '/usr/local/bin/npm',
1 verbose cli   'uninstall',
1 verbose cli   'modernizr',
1 verbose cli   '--save-dev' ]
2 info using npm@1.4.28
3 info using node@v0.10.36
4 verbose node_modules/modernizr unbuild
5 error Error: EACCES, unlink '/Applications/MAMP/htdocs/Code/Github/josephdburdick/boilerplate/joey-boilerplate/node_modules/modernizr/node_modules/.bin/marked'
5 error  { [Error: EACCES, unlink '/Applications/MAMP/htdocs/Code/Github/josephdburdick/boilerplate/joey-boilerplate/node_modules/modernizr/node_modules/.bin/marked']
5 error   errno: 3,
5 error   code: 'EACCES',
5 error   path: '/Applications/MAMP/htdocs/Code/Github/josephdburdick/boilerplate/joey-boilerplate/node_modules/modernizr/node_modules/.bin/marked' }
6 error Please try running this command again as root/Administrator.
7 error System Darwin 14.0.0
8 error command "node" "/usr/local/bin/npm" "uninstall" "modernizr" "--save-dev"
9 error cwd /Applications/MAMP/htdocs/Code/Github/josephdburdick/boilerplate/joey-boilerplate
10 error node -v v0.10.36
11 error npm -v 1.4.28
12 error path /Applications/MAMP/htdocs/Code/Github/josephdburdick/boilerplate/joey-boilerplate/node_modules/modernizr/node_modules/.bin/marked
13 error code EACCES
14 error errno 3
15 error stack Error: EACCES, unlink '/Applications/MAMP/htdocs/Code/Github/josephdburdick/boilerplate/joey-boilerplate/node_modules/modernizr/node_modules/.bin/marked'
16 verbose exit [ 3, true ]
